* Starting client
* Connecting to master process on port 21611
* Analyzing classpath: 
  - /home/victor/Projetos/Java EvoSuite/target/classes
* Finished analyzing classpath
* Generating tests for class evosuite.EvoSuiteClasse
* Test criteria:
  - Line Coverage
  - Branch Coverage
  - Exception
  - Mutation testing (weak)
  - Method-Output Coverage
  - Top-Level Method Coverage
  - No-Exception Top-Level Method Coverage
  - Branch Coverage
* Setting up search algorithm for whole suite generation
[MASTER] 21:39:55.234 [pool-2-thread-1] WARN  TestSuiteSerialization - Cannot load tests because file does not exist: /home/victor/Projetos/Java EvoSuite/.evosuite/evosuite-seeds/evosuite.EvoSuiteClasse.seed
* Total number of test goals: 
  - Line 6
  - Branch 7
  - Exception 0
  - MutationFactory 13
  - Output 10
  - Method 7
  - MethodNoException 7
  - CBranchFitnessFactory 7
* Using seed 1554338394403
* Starting evolution
* Search finished after 31s and 1115 generations, 308807 statements, best individual has fitness: 5.5
* Writing sequences to pool
* Minimizing test suite
* Coverage analysis for criterion LINE
* Coverage of criterion LINE: 100%
* Total number of goals: 6
* Number of covered goals: 6
* Coverage analysis for criterion BRANCH
* Coverage of criterion BRANCH: 100%
* Total number of goals: 7
* Number of covered goals: 7
* Coverage analysis for criterion EXCEPTION
* Coverage of criterion EXCEPTION: 100%
* Total number of goals: 1
* Number of covered goals: 1
* Coverage analysis for criterion WEAKMUTATION
* Coverage of criterion WEAKMUTATION: 100%
* Total number of goals: 13
* Number of covered goals: 13
* Coverage analysis for criterion OUTPUT
* Coverage of criterion OUTPUT: 50%
* Total number of goals: 10
* Number of covered goals: 5
* Coverage analysis for criterion METHOD
* Coverage of criterion METHOD: 100%
* Total number of goals: 7
* Number of covered goals: 7
* Coverage analysis for criterion METHODNOEXCEPTION
* Coverage of criterion METHODNOEXCEPTION: 100%
* Total number of goals: 7
* Number of covered goals: 7
* Coverage analysis for criterion CBRANCH
* Coverage of criterion CBRANCH: 100%
* Total number of goals: 7
* Number of covered goals: 7
* Generated 7 tests with total length 14
* Coverage of criterion STATEMENT: 100%
* Total number of goals: 24
* Number of covered goals: 24
* Coverage of criterion ONLYBRANCH: 100% (no goals)
* Coverage of criterion IBRANCH: 100%
* Total number of goals: 7
* Number of covered goals: 7
* Coverage of criterion ONLYMUTATION: 100%
* Total number of goals: 13
* Number of covered goals: 13
* Coverage of criterion MUTATION: 92%
* Total number of goals: 13
* Number of covered goals: 12
* Coverage of criterion INPUT: 0%
* Total number of goals: 4
* Number of covered goals: 0
* Coverage of criterion METHODTRACE: 100%
* Total number of goals: 7
* Number of covered goals: 7
* Resulting test suite's coverage: 94% (average coverage for all fitness functions)
* Generating assertions
* Resulting test suite's mutation score: 85%
* Compiling and checking tests
* Writing JUnit test case 'EvoSuiteClasse_ESTest' to /home/victor/Projetos/Java EvoSuite/.evosuite/tmp_2019_04_03_21_39_53/tests
* Done!

